04-Jul-2024 20:50:40.560 INFO [main] org.apache.catalina.startup.VersionLoggerListener.log Server version name:   Apache Tomcat/9.0.90
04-Jul-2024 20:50:40.564 INFO [main] org.apache.catalina.startup.VersionLoggerListener.log Server built:          Jun 14 2024 14:45:13 UTC
04-Jul-2024 20:50:40.564 INFO [main] org.apache.catalina.startup.VersionLoggerListener.log Server version number: 9.0.90.0
04-Jul-2024 20:50:40.564 INFO [main] org.apache.catalina.startup.VersionLoggerListener.log OS Name:               Windows 11
04-Jul-2024 20:50:40.564 INFO [main] org.apache.catalina.startup.VersionLoggerListener.log OS Version:            10.0
04-Jul-2024 20:50:40.564 INFO [main] org.apache.catalina.startup.VersionLoggerListener.log Architecture:          amd64
04-Jul-2024 20:50:40.564 INFO [main] org.apache.catalina.startup.VersionLoggerListener.log Java Home:             C:\Program Files\Java\jdk-17
04-Jul-2024 20:50:40.564 INFO [main] org.apache.catalina.startup.VersionLoggerListener.log JVM Version:           17.0.10+11-LTS-240
04-Jul-2024 20:50:40.564 INFO [main] org.apache.catalina.startup.VersionLoggerListener.log JVM Vendor:            Oracle Corporation
04-Jul-2024 20:50:40.566 INFO [main] org.apache.catalina.startup.VersionLoggerListener.log CATALINA_BASE:         C:\Users\krishna.karapureddy\New folder\mvcwithoutxml
04-Jul-2024 20:50:40.566 INFO [main] org.apache.catalina.startup.VersionLoggerListener.log CATALINA_HOME:         C:\Users\krishna.karapureddy\New folder\spring\apache-tomcat-9.0.90
04-Jul-2024 20:50:40.577 INFO [main] org.apache.catalina.startup.VersionLoggerListener.log Command line argument: --add-opens=java.base/java.lang=ALL-UNNAMED
04-Jul-2024 20:50:40.577 INFO [main] org.apache.catalina.startup.VersionLoggerListener.log Command line argument: --add-opens=java.base/java.io=ALL-UNNAMED
04-Jul-2024 20:50:40.577 INFO [main] org.apache.catalina.startup.VersionLoggerListener.log Command line argument: --add-opens=java.base/java.util=ALL-UNNAMED
04-Jul-2024 20:50:40.577 INFO [main] org.apache.catalina.startup.VersionLoggerListener.log Command line argument: --add-opens=java.base/java.util.concurrent=ALL-UNNAMED
04-Jul-2024 20:50:40.577 INFO [main] org.apache.catalina.startup.VersionLoggerListener.log Command line argument: --add-opens=java.rmi/sun.rmi.transport=ALL-UNNAMED
04-Jul-2024 20:50:40.577 INFO [main] org.apache.catalina.startup.VersionLoggerListener.log Command line argument: -Dcatalina.home=C:\Users\krishna.karapureddy\New folder\spring\apache-tomcat-9.0.90
04-Jul-2024 20:50:40.577 INFO [main] org.apache.catalina.startup.VersionLoggerListener.log Command line argument: -Dcatalina.base=C:\Users\krishna.karapureddy\New folder\mvcwithoutxml
04-Jul-2024 20:50:40.578 INFO [main] org.apache.catalina.startup.VersionLoggerListener.log Command line argument: -Djava.io.tmpdir=C:\Users\krishna.karapureddy\New folder\mvcwithoutxml\temp
04-Jul-2024 20:50:40.578 INFO [main] org.apache.catalina.startup.VersionLoggerListener.log Command line argument: -Djava.util.logging.config.file=C:\Users\krishna.karapureddy\New folder\mvcwithoutxml\conf\logging.properties
04-Jul-2024 20:50:40.578 INFO [main] org.apache.catalina.startup.VersionLoggerListener.log Command line argument: -Djava.util.logging.manager=org.apache.juli.ClassLoaderLogManager
04-Jul-2024 20:50:40.578 INFO [main] org.apache.catalina.startup.VersionLoggerListener.log Command line argument: -javaagent:C:\Program Files\JetBrains\IntelliJ IDEA Community Edition 2023.3.4\lib\idea_rt.jar=55491:C:\Program Files\JetBrains\IntelliJ IDEA Community Edition 2023.3.4\bin
04-Jul-2024 20:50:40.578 INFO [main] org.apache.catalina.startup.VersionLoggerListener.log Command line argument: -Dfile.encoding=UTF-8
04-Jul-2024 20:50:40.587 INFO [main] org.apache.catalina.core.AprLifecycleListener.lifecycleEvent Loaded Apache Tomcat Native library [1.3.0] using APR version [1.7.4].
04-Jul-2024 20:50:40.587 INFO [main] org.apache.catalina.core.AprLifecycleListener.lifecycleEvent APR capabilities: IPv6 [true], sendfile [true], accept filters [false], random [true], UDS [true].
04-Jul-2024 20:50:40.587 INFO [main] org.apache.catalina.core.AprLifecycleListener.lifecycleEvent APR/OpenSSL configuration: useAprConnector [false], useOpenSSL [true]
04-Jul-2024 20:50:40.596 INFO [main] org.apache.catalina.core.AprLifecycleListener.initializeSSL OpenSSL successfully initialized [OpenSSL 3.0.13 30 Jan 2024]
04-Jul-2024 20:50:40.923 INFO [main] org.apache.coyote.AbstractProtocol.init Initializing ProtocolHandler ["http-nio-8080"]
04-Jul-2024 20:50:40.937 SEVERE [main] org.apache.catalina.util.LifecycleBase.handleSubClassException Failed to initialize component [Connector["http-nio-8080"]]
	org.apache.catalina.LifecycleException: Protocol handler initialization failed
		at org.apache.catalina.connector.Connector.initInternal(Connector.java:1012)
		at org.apache.catalina.util.LifecycleBase.init(LifecycleBase.java:122)
		at org.apache.catalina.core.StandardService.initInternal(StandardService.java:525)
		at org.apache.catalina.util.LifecycleBase.init(LifecycleBase.java:122)
		at org.apache.catalina.core.StandardServer.initInternal(StandardServer.java:990)
		at org.apache.catalina.util.LifecycleBase.init(LifecycleBase.java:122)
		at org.apache.catalina.startup.Catalina.load(Catalina.java:686)
		at org.apache.catalina.startup.Catalina.load(Catalina.java:709)
		at java.base/jdk.internal.reflect.NativeMethodAccessorImpl.invoke0(Native Method)
		at java.base/jdk.internal.reflect.NativeMethodAccessorImpl.invoke(NativeMethodAccessorImpl.java:77)
		at java.base/jdk.internal.reflect.DelegatingMethodAccessorImpl.invoke(DelegatingMethodAccessorImpl.java:43)
		at java.base/java.lang.reflect.Method.invoke(Method.java:568)
		at org.apache.catalina.startup.Bootstrap.load(Bootstrap.java:302)
		at org.apache.catalina.startup.Bootstrap.main(Bootstrap.java:472)
	Caused by: java.net.BindException: Address already in use: bind
		at java.base/sun.nio.ch.Net.bind0(Native Method)
		at java.base/sun.nio.ch.Net.bind(Net.java:555)
		at java.base/sun.nio.ch.ServerSocketChannelImpl.netBind(ServerSocketChannelImpl.java:337)
		at java.base/sun.nio.ch.ServerSocketChannelImpl.bind(ServerSocketChannelImpl.java:294)
		at org.apache.tomcat.util.net.NioEndpoint.initServerSocket(NioEndpoint.java:268)
		at org.apache.tomcat.util.net.NioEndpoint.bind(NioEndpoint.java:223)
		at org.apache.tomcat.util.net.AbstractEndpoint.bindWithCleanup(AbstractEndpoint.java:1371)
		at org.apache.tomcat.util.net.AbstractEndpoint.init(AbstractEndpoint.java:1384)
		at org.apache.coyote.AbstractProtocol.init(AbstractProtocol.java:662)
		at org.apache.coyote.http11.AbstractHttp11Protocol.init(AbstractHttp11Protocol.java:75)
		at org.apache.catalina.connector.Connector.initInternal(Connector.java:1010)
		... 13 more
04-Jul-2024 20:50:40.938 INFO [main] org.apache.catalina.startup.Catalina.load Server initialization in [634] milliseconds
04-Jul-2024 20:50:41.004 INFO [main] org.apache.catalina.core.StandardService.startInternal Starting service [Catalina]
04-Jul-2024 20:50:41.004 INFO [main] org.apache.catalina.core.StandardEngine.startInternal Starting Servlet engine: [Apache Tomcat/9.0.90]
04-Jul-2024 20:50:41.015 INFO [main] org.apache.catalina.startup.HostConfig.deployDescriptor Deploying deployment descriptor [C:\Users\krishna.karapureddy\New folder\mvcwithoutxml\conf\Catalina\localhost\mvcwithoutxml.xml]
04-Jul-2024 20:50:42.489 INFO [main] org.apache.jasper.servlet.TldScanner.scanJars At least one JAR was scanned for TLDs yet contained no TLDs. Enable debug logging for this logger for a complete list of JARs that were scanned but no TLDs were found in them. Skipping unneeded JARs during scanning can improve startup time and JSP compilation time.
04-Jul-2024 20:50:42.768 INFO [main] org.springframework.web.servlet.FrameworkServlet.initServletBean Initializing Servlet 'myDispatcherServlet'
04-Jul-2024 20:50:43.857 INFO [main] org.springframework.web.servlet.FrameworkServlet.initServletBean Completed initialization in 1088 ms
04-Jul-2024 20:50:43.869 INFO [main] org.apache.catalina.startup.HostConfig.deployDescriptor Deployment of deployment descriptor [C:\Users\krishna.karapureddy\New folder\mvcwithoutxml\conf\Catalina\localhost\mvcwithoutxml.xml] has finished in [2,853] ms
04-Jul-2024 20:50:43.872 INFO [main] org.apache.catalina.startup.Catalina.start Server startup in [2933] milliseconds
04-Jul-2024 20:50:43.877 SEVERE [main] org.apache.catalina.core.StandardServer.await Failed to create server shutdown socket on address [localhost] and port [8005] (base port [8005] and offset [0])
	java.net.BindException: Address already in use: bind
		at java.base/sun.nio.ch.Net.bind0(Native Method)
		at java.base/sun.nio.ch.Net.bind(Net.java:555)
		at java.base/sun.nio.ch.Net.bind(Net.java:544)
		at java.base/sun.nio.ch.NioSocketImpl.bind(NioSocketImpl.java:648)
		at java.base/java.net.ServerSocket.bind(ServerSocket.java:388)
		at java.base/java.net.ServerSocket.<init>(ServerSocket.java:274)
		at org.apache.catalina.core.StandardServer.await(StandardServer.java:541)
		at org.apache.catalina.startup.Catalina.await(Catalina.java:825)
		at org.apache.catalina.startup.Catalina.start(Catalina.java:773)
		at java.base/jdk.internal.reflect.NativeMethodAccessorImpl.invoke0(Native Method)
		at java.base/jdk.internal.reflect.NativeMethodAccessorImpl.invoke(NativeMethodAccessorImpl.java:77)
		at java.base/jdk.internal.reflect.DelegatingMethodAccessorImpl.invoke(DelegatingMethodAccessorImpl.java:43)
		at java.base/java.lang.reflect.Method.invoke(Method.java:568)
		at org.apache.catalina.startup.Bootstrap.start(Bootstrap.java:345)
		at org.apache.catalina.startup.Bootstrap.main(Bootstrap.java:473)
04-Jul-2024 20:50:43.877 INFO [main] org.apache.coyote.AbstractProtocol.pause Pausing ProtocolHandler ["http-nio-8080"]
04-Jul-2024 20:50:43.877 INFO [main] org.apache.catalina.core.StandardService.stopInternal Stopping service [Catalina]
04-Jul-2024 20:50:43.891 INFO [main] org.apache.coyote.AbstractProtocol.stop Stopping ProtocolHandler ["http-nio-8080"]
04-Jul-2024 20:50:43.892 INFO [main] org.apache.coyote.AbstractProtocol.destroy Destroying ProtocolHandler ["http-nio-8080"]
04-Jul-2024 20:50:58.941 INFO [main] org.apache.catalina.startup.VersionLoggerListener.log Server version name:   Apache Tomcat/9.0.90
04-Jul-2024 20:50:58.945 INFO [main] org.apache.catalina.startup.VersionLoggerListener.log Server built:          Jun 14 2024 14:45:13 UTC
04-Jul-2024 20:50:58.946 INFO [main] org.apache.catalina.startup.VersionLoggerListener.log Server version number: 9.0.90.0
04-Jul-2024 20:50:58.946 INFO [main] org.apache.catalina.startup.VersionLoggerListener.log OS Name:               Windows 11
04-Jul-2024 20:50:58.946 INFO [main] org.apache.catalina.startup.VersionLoggerListener.log OS Version:            10.0
04-Jul-2024 20:50:58.946 INFO [main] org.apache.catalina.startup.VersionLoggerListener.log Architecture:          amd64
04-Jul-2024 20:50:58.946 INFO [main] org.apache.catalina.startup.VersionLoggerListener.log Java Home:             C:\Program Files\Java\jdk-17
04-Jul-2024 20:50:58.946 INFO [main] org.apache.catalina.startup.VersionLoggerListener.log JVM Version:           17.0.10+11-LTS-240
04-Jul-2024 20:50:58.946 INFO [main] org.apache.catalina.startup.VersionLoggerListener.log JVM Vendor:            Oracle Corporation
04-Jul-2024 20:50:58.946 INFO [main] org.apache.catalina.startup.VersionLoggerListener.log CATALINA_BASE:         C:\Users\krishna.karapureddy\New folder\mvcwithoutxml
04-Jul-2024 20:50:58.946 INFO [main] org.apache.catalina.startup.VersionLoggerListener.log CATALINA_HOME:         C:\Users\krishna.karapureddy\New folder\spring\apache-tomcat-9.0.90
04-Jul-2024 20:50:58.954 INFO [main] org.apache.catalina.startup.VersionLoggerListener.log Command line argument: --add-opens=java.base/java.lang=ALL-UNNAMED
04-Jul-2024 20:50:58.955 INFO [main] org.apache.catalina.startup.VersionLoggerListener.log Command line argument: --add-opens=java.base/java.io=ALL-UNNAMED
04-Jul-2024 20:50:58.955 INFO [main] org.apache.catalina.startup.VersionLoggerListener.log Command line argument: --add-opens=java.base/java.util=ALL-UNNAMED
04-Jul-2024 20:50:58.955 INFO [main] org.apache.catalina.startup.VersionLoggerListener.log Command line argument: --add-opens=java.base/java.util.concurrent=ALL-UNNAMED
04-Jul-2024 20:50:58.955 INFO [main] org.apache.catalina.startup.VersionLoggerListener.log Command line argument: --add-opens=java.rmi/sun.rmi.transport=ALL-UNNAMED
04-Jul-2024 20:50:58.955 INFO [main] org.apache.catalina.startup.VersionLoggerListener.log Command line argument: -Dcatalina.home=C:\Users\krishna.karapureddy\New folder\spring\apache-tomcat-9.0.90
04-Jul-2024 20:50:58.955 INFO [main] org.apache.catalina.startup.VersionLoggerListener.log Command line argument: -Dcatalina.base=C:\Users\krishna.karapureddy\New folder\mvcwithoutxml
04-Jul-2024 20:50:58.955 INFO [main] org.apache.catalina.startup.VersionLoggerListener.log Command line argument: -Djava.io.tmpdir=C:\Users\krishna.karapureddy\New folder\mvcwithoutxml\temp
04-Jul-2024 20:50:58.955 INFO [main] org.apache.catalina.startup.VersionLoggerListener.log Command line argument: -Djava.util.logging.config.file=C:\Users\krishna.karapureddy\New folder\mvcwithoutxml\conf\logging.properties
04-Jul-2024 20:50:58.955 INFO [main] org.apache.catalina.startup.VersionLoggerListener.log Command line argument: -Djava.util.logging.manager=org.apache.juli.ClassLoaderLogManager
04-Jul-2024 20:50:58.955 INFO [main] org.apache.catalina.startup.VersionLoggerListener.log Command line argument: -javaagent:C:\Program Files\JetBrains\IntelliJ IDEA Community Edition 2023.3.4\lib\idea_rt.jar=55499:C:\Program Files\JetBrains\IntelliJ IDEA Community Edition 2023.3.4\bin
04-Jul-2024 20:50:58.955 INFO [main] org.apache.catalina.startup.VersionLoggerListener.log Command line argument: -Dfile.encoding=UTF-8
04-Jul-2024 20:50:58.960 INFO [main] org.apache.catalina.core.AprLifecycleListener.lifecycleEvent Loaded Apache Tomcat Native library [1.3.0] using APR version [1.7.4].
04-Jul-2024 20:50:58.960 INFO [main] org.apache.catalina.core.AprLifecycleListener.lifecycleEvent APR capabilities: IPv6 [true], sendfile [true], accept filters [false], random [true], UDS [true].
04-Jul-2024 20:50:58.960 INFO [main] org.apache.catalina.core.AprLifecycleListener.lifecycleEvent APR/OpenSSL configuration: useAprConnector [false], useOpenSSL [true]
04-Jul-2024 20:50:58.966 INFO [main] org.apache.catalina.core.AprLifecycleListener.initializeSSL OpenSSL successfully initialized [OpenSSL 3.0.13 30 Jan 2024]
04-Jul-2024 20:50:59.277 INFO [main] org.apache.coyote.AbstractProtocol.init Initializing ProtocolHandler ["http-nio-8080"]
04-Jul-2024 20:50:59.308 INFO [main] org.apache.catalina.startup.Catalina.load Server initialization in [563] milliseconds
04-Jul-2024 20:50:59.353 INFO [main] org.apache.catalina.core.StandardService.startInternal Starting service [Catalina]
04-Jul-2024 20:50:59.353 INFO [main] org.apache.catalina.core.StandardEngine.startInternal Starting Servlet engine: [Apache Tomcat/9.0.90]
04-Jul-2024 20:50:59.363 INFO [main] org.apache.catalina.startup.HostConfig.deployDescriptor Deploying deployment descriptor [C:\Users\krishna.karapureddy\New folder\mvcwithoutxml\conf\Catalina\localhost\mvcwithoutxml.xml]
04-Jul-2024 20:51:00.719 INFO [main] org.apache.jasper.servlet.TldScanner.scanJars At least one JAR was scanned for TLDs yet contained no TLDs. Enable debug logging for this logger for a complete list of JARs that were scanned but no TLDs were found in them. Skipping unneeded JARs during scanning can improve startup time and JSP compilation time.
04-Jul-2024 20:51:00.980 INFO [main] org.springframework.web.servlet.FrameworkServlet.initServletBean Initializing Servlet 'myDispatcherServlet'
04-Jul-2024 20:51:01.925 INFO [main] org.springframework.web.servlet.FrameworkServlet.initServletBean Completed initialization in 944 ms
04-Jul-2024 20:51:01.934 INFO [main] org.apache.catalina.startup.HostConfig.deployDescriptor Deployment of deployment descriptor [C:\Users\krishna.karapureddy\New folder\mvcwithoutxml\conf\Catalina\localhost\mvcwithoutxml.xml] has finished in [2,570] ms
04-Jul-2024 20:51:01.938 INFO [main] org.apache.coyote.AbstractProtocol.start Starting ProtocolHandler ["http-nio-8080"]
04-Jul-2024 20:51:02.006 INFO [main] org.apache.catalina.startup.Catalina.start Server startup in [2697] milliseconds
04-Jul-2024 20:53:16.073 INFO [Thread-1] org.apache.coyote.AbstractProtocol.pause Pausing ProtocolHandler ["http-nio-8080"]
04-Jul-2024 20:53:16.088 INFO [Thread-1] org.apache.catalina.core.StandardService.stopInternal Stopping service [Catalina]
04-Jul-2024 20:53:16.104 INFO [Thread-1] org.apache.coyote.AbstractProtocol.stop Stopping ProtocolHandler ["http-nio-8080"]
04-Jul-2024 20:53:16.126 INFO [Thread-1] org.apache.coyote.AbstractProtocol.destroy Destroying ProtocolHandler ["http-nio-8080"]
04-Jul-2024 20:53:19.706 INFO [main] org.apache.catalina.startup.VersionLoggerListener.log Server version name:   Apache Tomcat/9.0.90
04-Jul-2024 20:53:19.710 INFO [main] org.apache.catalina.startup.VersionLoggerListener.log Server built:          Jun 14 2024 14:45:13 UTC
04-Jul-2024 20:53:19.710 INFO [main] org.apache.catalina.startup.VersionLoggerListener.log Server version number: 9.0.90.0
04-Jul-2024 20:53:19.710 INFO [main] org.apache.catalina.startup.VersionLoggerListener.log OS Name:               Windows 11
04-Jul-2024 20:53:19.711 INFO [main] org.apache.catalina.startup.VersionLoggerListener.log OS Version:            10.0
04-Jul-2024 20:53:19.711 INFO [main] org.apache.catalina.startup.VersionLoggerListener.log Architecture:          amd64
04-Jul-2024 20:53:19.711 INFO [main] org.apache.catalina.startup.VersionLoggerListener.log Java Home:             C:\Program Files\Java\jdk-17
04-Jul-2024 20:53:19.711 INFO [main] org.apache.catalina.startup.VersionLoggerListener.log JVM Version:           17.0.10+11-LTS-240
04-Jul-2024 20:53:19.711 INFO [main] org.apache.catalina.startup.VersionLoggerListener.log JVM Vendor:            Oracle Corporation
04-Jul-2024 20:53:19.711 INFO [main] org.apache.catalina.startup.VersionLoggerListener.log CATALINA_BASE:         C:\Users\krishna.karapureddy\New folder\mvcwithoutxml
04-Jul-2024 20:53:19.711 INFO [main] org.apache.catalina.startup.VersionLoggerListener.log CATALINA_HOME:         C:\Users\krishna.karapureddy\New folder\spring\apache-tomcat-9.0.90
04-Jul-2024 20:53:19.722 INFO [main] org.apache.catalina.startup.VersionLoggerListener.log Command line argument: --add-opens=java.base/java.lang=ALL-UNNAMED
04-Jul-2024 20:53:19.722 INFO [main] org.apache.catalina.startup.VersionLoggerListener.log Command line argument: --add-opens=java.base/java.io=ALL-UNNAMED
04-Jul-2024 20:53:19.722 INFO [main] org.apache.catalina.startup.VersionLoggerListener.log Command line argument: --add-opens=java.base/java.util=ALL-UNNAMED
04-Jul-2024 20:53:19.722 INFO [main] org.apache.catalina.startup.VersionLoggerListener.log Command line argument: --add-opens=java.base/java.util.concurrent=ALL-UNNAMED
04-Jul-2024 20:53:19.722 INFO [main] org.apache.catalina.startup.VersionLoggerListener.log Command line argument: --add-opens=java.rmi/sun.rmi.transport=ALL-UNNAMED
04-Jul-2024 20:53:19.722 INFO [main] org.apache.catalina.startup.VersionLoggerListener.log Command line argument: -Dcatalina.home=C:\Users\krishna.karapureddy\New folder\spring\apache-tomcat-9.0.90
04-Jul-2024 20:53:19.723 INFO [main] org.apache.catalina.startup.VersionLoggerListener.log Command line argument: -Dcatalina.base=C:\Users\krishna.karapureddy\New folder\mvcwithoutxml
04-Jul-2024 20:53:19.723 INFO [main] org.apache.catalina.startup.VersionLoggerListener.log Command line argument: -Djava.io.tmpdir=C:\Users\krishna.karapureddy\New folder\mvcwithoutxml\temp
04-Jul-2024 20:53:19.723 INFO [main] org.apache.catalina.startup.VersionLoggerListener.log Command line argument: -Djava.util.logging.config.file=C:\Users\krishna.karapureddy\New folder\mvcwithoutxml\conf\logging.properties
04-Jul-2024 20:53:19.723 INFO [main] org.apache.catalina.startup.VersionLoggerListener.log Command line argument: -Djava.util.logging.manager=org.apache.juli.ClassLoaderLogManager
04-Jul-2024 20:53:19.723 INFO [main] org.apache.catalina.startup.VersionLoggerListener.log Command line argument: -javaagent:C:\Program Files\JetBrains\IntelliJ IDEA Community Edition 2023.3.4\lib\idea_rt.jar=55526:C:\Program Files\JetBrains\IntelliJ IDEA Community Edition 2023.3.4\bin
04-Jul-2024 20:53:19.723 INFO [main] org.apache.catalina.startup.VersionLoggerListener.log Command line argument: -Dfile.encoding=UTF-8
04-Jul-2024 20:53:19.728 INFO [main] org.apache.catalina.core.AprLifecycleListener.lifecycleEvent Loaded Apache Tomcat Native library [1.3.0] using APR version [1.7.4].
04-Jul-2024 20:53:19.728 INFO [main] org.apache.catalina.core.AprLifecycleListener.lifecycleEvent APR capabilities: IPv6 [true], sendfile [true], accept filters [false], random [true], UDS [true].
04-Jul-2024 20:53:19.728 INFO [main] org.apache.catalina.core.AprLifecycleListener.lifecycleEvent APR/OpenSSL configuration: useAprConnector [false], useOpenSSL [true]
04-Jul-2024 20:53:19.738 INFO [main] org.apache.catalina.core.AprLifecycleListener.initializeSSL OpenSSL successfully initialized [OpenSSL 3.0.13 30 Jan 2024]
04-Jul-2024 20:53:20.057 INFO [main] org.apache.coyote.AbstractProtocol.init Initializing ProtocolHandler ["http-nio-8080"]
04-Jul-2024 20:53:20.082 INFO [main] org.apache.catalina.startup.Catalina.load Server initialization in [612] milliseconds
04-Jul-2024 20:53:20.142 INFO [main] org.apache.catalina.core.StandardService.startInternal Starting service [Catalina]
04-Jul-2024 20:53:20.142 INFO [main] org.apache.catalina.core.StandardEngine.startInternal Starting Servlet engine: [Apache Tomcat/9.0.90]
04-Jul-2024 20:53:20.152 INFO [main] org.apache.catalina.startup.HostConfig.deployDescriptor Deploying deployment descriptor [C:\Users\krishna.karapureddy\New folder\mvcwithoutxml\conf\Catalina\localhost\mvcwithoutxml.xml]
04-Jul-2024 20:53:21.523 INFO [main] org.apache.jasper.servlet.TldScanner.scanJars At least one JAR was scanned for TLDs yet contained no TLDs. Enable debug logging for this logger for a complete list of JARs that were scanned but no TLDs were found in them. Skipping unneeded JARs during scanning can improve startup time and JSP compilation time.
04-Jul-2024 20:53:21.885 INFO [main] org.springframework.web.servlet.FrameworkServlet.initServletBean Initializing Servlet 'myDispatcherServlet'
04-Jul-2024 20:53:22.869 INFO [main] org.springframework.web.servlet.FrameworkServlet.initServletBean Completed initialization in 984 ms
04-Jul-2024 20:53:22.877 INFO [main] org.apache.catalina.startup.HostConfig.deployDescriptor Deployment of deployment descriptor [C:\Users\krishna.karapureddy\New folder\mvcwithoutxml\conf\Catalina\localhost\mvcwithoutxml.xml] has finished in [2,724] ms
04-Jul-2024 20:53:22.880 INFO [main] org.apache.coyote.AbstractProtocol.start Starting ProtocolHandler ["http-nio-8080"]
04-Jul-2024 20:53:22.970 INFO [main] org.apache.catalina.startup.Catalina.start Server startup in [2887] milliseconds
04-Jul-2024 20:56:31.988 INFO [Thread-1] org.apache.coyote.AbstractProtocol.pause Pausing ProtocolHandler ["http-nio-8080"]
04-Jul-2024 20:56:32.002 INFO [Thread-1] org.apache.catalina.core.StandardService.stopInternal Stopping service [Catalina]
04-Jul-2024 20:56:32.015 INFO [Thread-1] org.apache.coyote.AbstractProtocol.stop Stopping ProtocolHandler ["http-nio-8080"]
04-Jul-2024 20:56:32.025 INFO [Thread-1] org.apache.coyote.AbstractProtocol.destroy Destroying ProtocolHandler ["http-nio-8080"]
04-Jul-2024 20:56:35.464 INFO [main] org.apache.catalina.startup.VersionLoggerListener.log Server version name:   Apache Tomcat/10.1.25
04-Jul-2024 20:56:35.467 INFO [main] org.apache.catalina.startup.VersionLoggerListener.log Server built:          Jun 14 2024 19:31:59 UTC
04-Jul-2024 20:56:35.468 INFO [main] org.apache.catalina.startup.VersionLoggerListener.log Server version number: 10.1.25.0
04-Jul-2024 20:56:35.468 INFO [main] org.apache.catalina.startup.VersionLoggerListener.log OS Name:               Windows 11
04-Jul-2024 20:56:35.468 INFO [main] org.apache.catalina.startup.VersionLoggerListener.log OS Version:            10.0
04-Jul-2024 20:56:35.468 INFO [main] org.apache.catalina.startup.VersionLoggerListener.log Architecture:          amd64
04-Jul-2024 20:56:35.468 INFO [main] org.apache.catalina.startup.VersionLoggerListener.log Java Home:             C:\Program Files\Java\jdk-17
04-Jul-2024 20:56:35.468 INFO [main] org.apache.catalina.startup.VersionLoggerListener.log JVM Version:           17.0.10+11-LTS-240
04-Jul-2024 20:56:35.468 INFO [main] org.apache.catalina.startup.VersionLoggerListener.log JVM Vendor:            Oracle Corporation
04-Jul-2024 20:56:35.468 INFO [main] org.apache.catalina.startup.VersionLoggerListener.log CATALINA_BASE:         C:\Users\krishna.karapureddy\New folder\mvcwithoutxml
04-Jul-2024 20:56:35.468 INFO [main] org.apache.catalina.startup.VersionLoggerListener.log CATALINA_HOME:         C:\Users\krishna.karapureddy\Downloads\apache-tomcat-10.1.25-windows-x64\apache-tomcat-10.1.25
04-Jul-2024 20:56:35.478 INFO [main] org.apache.catalina.startup.VersionLoggerListener.log Command line argument: --add-opens=java.base/java.lang=ALL-UNNAMED
04-Jul-2024 20:56:35.478 INFO [main] org.apache.catalina.startup.VersionLoggerListener.log Command line argument: --add-opens=java.base/java.io=ALL-UNNAMED
04-Jul-2024 20:56:35.478 INFO [main] org.apache.catalina.startup.VersionLoggerListener.log Command line argument: --add-opens=java.base/java.util=ALL-UNNAMED
04-Jul-2024 20:56:35.478 INFO [main] org.apache.catalina.startup.VersionLoggerListener.log Command line argument: --add-opens=java.base/java.util.concurrent=ALL-UNNAMED
04-Jul-2024 20:56:35.478 INFO [main] org.apache.catalina.startup.VersionLoggerListener.log Command line argument: --add-opens=java.rmi/sun.rmi.transport=ALL-UNNAMED
04-Jul-2024 20:56:35.478 INFO [main] org.apache.catalina.startup.VersionLoggerListener.log Command line argument: -Dcatalina.home=C:\Users\krishna.karapureddy\Downloads\apache-tomcat-10.1.25-windows-x64\apache-tomcat-10.1.25
04-Jul-2024 20:56:35.478 INFO [main] org.apache.catalina.startup.VersionLoggerListener.log Command line argument: -Dcatalina.base=C:\Users\krishna.karapureddy\New folder\mvcwithoutxml
04-Jul-2024 20:56:35.478 INFO [main] org.apache.catalina.startup.VersionLoggerListener.log Command line argument: -Djava.io.tmpdir=C:\Users\krishna.karapureddy\New folder\mvcwithoutxml\temp
04-Jul-2024 20:56:35.478 INFO [main] org.apache.catalina.startup.VersionLoggerListener.log Command line argument: -Djava.util.logging.config.file=C:\Users\krishna.karapureddy\New folder\mvcwithoutxml\conf\logging.properties
04-Jul-2024 20:56:35.478 INFO [main] org.apache.catalina.startup.VersionLoggerListener.log Command line argument: -Djava.util.logging.manager=org.apache.juli.ClassLoaderLogManager
04-Jul-2024 20:56:35.478 INFO [main] org.apache.catalina.startup.VersionLoggerListener.log Command line argument: -javaagent:C:\Program Files\JetBrains\IntelliJ IDEA Community Edition 2023.3.4\lib\idea_rt.jar=55590:C:\Program Files\JetBrains\IntelliJ IDEA Community Edition 2023.3.4\bin
04-Jul-2024 20:56:35.479 INFO [main] org.apache.catalina.startup.VersionLoggerListener.log Command line argument: -Dfile.encoding=UTF-8
04-Jul-2024 20:56:35.482 INFO [main] org.apache.catalina.core.AprLifecycleListener.lifecycleEvent Loaded Apache Tomcat Native library [2.0.7] using APR version [1.7.4].
04-Jul-2024 20:56:35.489 INFO [main] org.apache.catalina.core.AprLifecycleListener.initializeSSL OpenSSL successfully initialized [OpenSSL 3.0.13 30 Jan 2024]
04-Jul-2024 20:56:35.770 INFO [main] org.apache.coyote.AbstractProtocol.init Initializing ProtocolHandler ["http-nio-8080"]
04-Jul-2024 20:56:35.796 INFO [main] org.apache.catalina.startup.Catalina.load Server initialization in [501] milliseconds
04-Jul-2024 20:56:35.848 INFO [main] org.apache.catalina.core.StandardService.startInternal Starting service [Catalina]
04-Jul-2024 20:56:35.849 INFO [main] org.apache.catalina.core.StandardEngine.startInternal Starting Servlet engine: [Apache Tomcat/10.1.25]
04-Jul-2024 20:56:35.861 INFO [main] org.apache.catalina.startup.HostConfig.deployDescriptor Deploying deployment descriptor [C:\Users\krishna.karapureddy\New folder\mvcwithoutxml\conf\Catalina\localhost\mvcwithoutxml.xml]
04-Jul-2024 20:56:37.429 INFO [main] org.apache.jasper.servlet.TldScanner.scanJars At least one JAR was scanned for TLDs yet contained no TLDs. Enable debug logging for this logger for a complete list of JARs that were scanned but no TLDs were found in them. Skipping unneeded JARs during scanning can improve startup time and JSP compilation time.
04-Jul-2024 20:56:37.548 INFO [main] org.apache.catalina.startup.HostConfig.deployDescriptor Deployment of deployment descriptor [C:\Users\krishna.karapureddy\New folder\mvcwithoutxml\conf\Catalina\localhost\mvcwithoutxml.xml] has finished in [1,687] ms
04-Jul-2024 20:56:37.552 INFO [main] org.apache.coyote.AbstractProtocol.start Starting ProtocolHandler ["http-nio-8080"]
04-Jul-2024 20:56:37.627 INFO [main] org.apache.catalina.startup.Catalina.start Server startup in [1830] milliseconds
04-Jul-2024 20:59:25.091 INFO [Thread-1] org.apache.coyote.AbstractProtocol.pause Pausing ProtocolHandler ["http-nio-8080"]
04-Jul-2024 20:59:25.259 INFO [Thread-1] org.apache.catalina.core.StandardService.stopInternal Stopping service [Catalina]
04-Jul-2024 20:59:25.263 INFO [Thread-1] org.apache.coyote.AbstractProtocol.stop Stopping ProtocolHandler ["http-nio-8080"]
04-Jul-2024 20:59:25.279 INFO [Thread-1] org.apache.coyote.AbstractProtocol.destroy Destroying ProtocolHandler ["http-nio-8080"]
04-Jul-2024 20:59:29.353 INFO [main] org.apache.catalina.startup.VersionLoggerListener.log Server version name:   Apache Tomcat/10.1.25
04-Jul-2024 20:59:29.358 INFO [main] org.apache.catalina.startup.VersionLoggerListener.log Server built:          Jun 14 2024 19:31:59 UTC
04-Jul-2024 20:59:29.358 INFO [main] org.apache.catalina.startup.VersionLoggerListener.log Server version number: 10.1.25.0
04-Jul-2024 20:59:29.358 INFO [main] org.apache.catalina.startup.VersionLoggerListener.log OS Name:               Windows 11
04-Jul-2024 20:59:29.358 INFO [main] org.apache.catalina.startup.VersionLoggerListener.log OS Version:            10.0
04-Jul-2024 20:59:29.358 INFO [main] org.apache.catalina.startup.VersionLoggerListener.log Architecture:          amd64
04-Jul-2024 20:59:29.358 INFO [main] org.apache.catalina.startup.VersionLoggerListener.log Java Home:             C:\Program Files\Java\jdk-17
04-Jul-2024 20:59:29.358 INFO [main] org.apache.catalina.startup.VersionLoggerListener.log JVM Version:           17.0.10+11-LTS-240
04-Jul-2024 20:59:29.358 INFO [main] org.apache.catalina.startup.VersionLoggerListener.log JVM Vendor:            Oracle Corporation
04-Jul-2024 20:59:29.360 INFO [main] org.apache.catalina.startup.VersionLoggerListener.log CATALINA_BASE:         C:\Users\krishna.karapureddy\New folder\mvcwithoutxml
04-Jul-2024 20:59:29.360 INFO [main] org.apache.catalina.startup.VersionLoggerListener.log CATALINA_HOME:         C:\Users\krishna.karapureddy\Downloads\apache-tomcat-10.1.25-windows-x64\apache-tomcat-10.1.25
04-Jul-2024 20:59:29.368 INFO [main] org.apache.catalina.startup.VersionLoggerListener.log Command line argument: --add-opens=java.base/java.lang=ALL-UNNAMED
04-Jul-2024 20:59:29.368 INFO [main] org.apache.catalina.startup.VersionLoggerListener.log Command line argument: --add-opens=java.base/java.io=ALL-UNNAMED
04-Jul-2024 20:59:29.368 INFO [main] org.apache.catalina.startup.VersionLoggerListener.log Command line argument: --add-opens=java.base/java.util=ALL-UNNAMED
04-Jul-2024 20:59:29.368 INFO [main] org.apache.catalina.startup.VersionLoggerListener.log Command line argument: --add-opens=java.base/java.util.concurrent=ALL-UNNAMED
04-Jul-2024 20:59:29.368 INFO [main] org.apache.catalina.startup.VersionLoggerListener.log Command line argument: --add-opens=java.rmi/sun.rmi.transport=ALL-UNNAMED
04-Jul-2024 20:59:29.369 INFO [main] org.apache.catalina.startup.VersionLoggerListener.log Command line argument: -Dcatalina.home=C:\Users\krishna.karapureddy\Downloads\apache-tomcat-10.1.25-windows-x64\apache-tomcat-10.1.25
04-Jul-2024 20:59:29.369 INFO [main] org.apache.catalina.startup.VersionLoggerListener.log Command line argument: -Dcatalina.base=C:\Users\krishna.karapureddy\New folder\mvcwithoutxml
04-Jul-2024 20:59:29.369 INFO [main] org.apache.catalina.startup.VersionLoggerListener.log Command line argument: -Djava.io.tmpdir=C:\Users\krishna.karapureddy\New folder\mvcwithoutxml\temp
04-Jul-2024 20:59:29.369 INFO [main] org.apache.catalina.startup.VersionLoggerListener.log Command line argument: -Djava.util.logging.config.file=C:\Users\krishna.karapureddy\New folder\mvcwithoutxml\conf\logging.properties
04-Jul-2024 20:59:29.369 INFO [main] org.apache.catalina.startup.VersionLoggerListener.log Command line argument: -Djava.util.logging.manager=org.apache.juli.ClassLoaderLogManager
04-Jul-2024 20:59:29.369 INFO [main] org.apache.catalina.startup.VersionLoggerListener.log Command line argument: -javaagent:C:\Program Files\JetBrains\IntelliJ IDEA Community Edition 2023.3.4\lib\idea_rt.jar=55727:C:\Program Files\JetBrains\IntelliJ IDEA Community Edition 2023.3.4\bin
04-Jul-2024 20:59:29.369 INFO [main] org.apache.catalina.startup.VersionLoggerListener.log Command line argument: -Dfile.encoding=UTF-8
04-Jul-2024 20:59:29.373 INFO [main] org.apache.catalina.core.AprLifecycleListener.lifecycleEvent Loaded Apache Tomcat Native library [2.0.7] using APR version [1.7.4].
04-Jul-2024 20:59:29.379 INFO [main] org.apache.catalina.core.AprLifecycleListener.initializeSSL OpenSSL successfully initialized [OpenSSL 3.0.13 30 Jan 2024]
04-Jul-2024 20:59:29.675 INFO [main] org.apache.coyote.AbstractProtocol.init Initializing ProtocolHandler ["http-nio-8080"]
04-Jul-2024 20:59:29.700 INFO [main] org.apache.catalina.startup.Catalina.load Server initialization in [578] milliseconds
04-Jul-2024 20:59:29.756 INFO [main] org.apache.catalina.core.StandardService.startInternal Starting service [Catalina]
04-Jul-2024 20:59:29.756 INFO [main] org.apache.catalina.core.StandardEngine.startInternal Starting Servlet engine: [Apache Tomcat/10.1.25]
04-Jul-2024 20:59:29.768 INFO [main] org.apache.catalina.startup.HostConfig.deployDescriptor Deploying deployment descriptor [C:\Users\krishna.karapureddy\New folder\mvcwithoutxml\conf\Catalina\localhost\mvcwithoutxml.xml]
04-Jul-2024 20:59:31.360 INFO [main] org.apache.jasper.servlet.TldScanner.scanJars At least one JAR was scanned for TLDs yet contained no TLDs. Enable debug logging for this logger for a complete list of JARs that were scanned but no TLDs were found in them. Skipping unneeded JARs during scanning can improve startup time and JSP compilation time.
04-Jul-2024 20:59:31.474 INFO [main] org.apache.catalina.startup.HostConfig.deployDescriptor Deployment of deployment descriptor [C:\Users\krishna.karapureddy\New folder\mvcwithoutxml\conf\Catalina\localhost\mvcwithoutxml.xml] has finished in [1,705] ms
04-Jul-2024 20:59:31.477 INFO [main] org.apache.coyote.AbstractProtocol.start Starting ProtocolHandler ["http-nio-8080"]
04-Jul-2024 20:59:31.549 INFO [main] org.apache.catalina.startup.Catalina.start Server startup in [1848] milliseconds
